Using pre-set license
Built from '2021.3/staging' branch; Version is '2021.3.11f1 (0a5ca18544bf) revision 679073'; Using compiler version '192829333'; Build Type 'Release'
OS: 'Windows 11  (10.0.22621) 64bit Core' Language: 'en' Physical Memory: 8013 MB
BatchMode: 1, IsHumanControllingUs: 0, StartBugReporterOnCrash: 0, Is64bit: 1, IsPro: 1

COMMAND LINE ARGUMENTS:
C:\Program Files\Unity\Hub\Editor\2021.3.11f1\Editor\Unity.exe
-adb2
-batchMode
-noUpm
-name
AssetImportWorker1
-projectPath
C:/Users/Ninjas/Documents/Waylen-Kuan-Purple/qpDePo
-logFile
Logs/AssetImportWorker1.log
-srvPort
60180
Successfully changed project path to: C:/Users/Ninjas/Documents/Waylen-Kuan-Purple/qpDePo
C:/Users/Ninjas/Documents/Waylen-Kuan-Purple/qpDePo
[UnityMemory] Configuration Parameters - Can be set up in boot.config
    "memorysetup-bucket-allocator-granularity=16"
    "memorysetup-bucket-allocator-bucket-count=8"
    "memorysetup-bucket-allocator-block-size=33554432"
    "memorysetup-bucket-allocator-block-count=8"
    "memorysetup-main-allocator-block-size=16777216"
    "memorysetup-thread-allocator-block-size=16777216"
    "memorysetup-gfx-main-allocator-block-size=16777216"
    "memorysetup-gfx-thread-allocator-block-size=16777216"
    "memorysetup-cache-allocator-block-size=4194304"
    "memorysetup-typetree-allocator-block-size=2097152"
    "memorysetup-profiler-bucket-allocator-granularity=16"
    "memorysetup-profiler-bucket-allocator-bucket-count=8"
    "memorysetup-profiler-bucket-allocator-block-size=33554432"
    "memorysetup-profiler-bucket-allocator-block-count=8"
    "memorysetup-profiler-allocator-block-size=16777216"
    "memorysetup-profiler-editor-allocator-block-size=1048576"
    "memorysetup-temp-allocator-size-main=16777216"
    "memorysetup-job-temp-allocator-block-size=2097152"
    "memorysetup-job-temp-allocator-block-size-background=1048576"
    "memorysetup-job-temp-allocator-reduction-small-platforms=262144"
    "memorysetup-temp-allocator-size-background-worker=32768"
    "memorysetup-temp-allocator-size-job-worker=262144"
    "memorysetup-temp-allocator-size-preload-manager=33554432"
    "memorysetup-temp-allocator-size-nav-mesh-worker=65536"
    "memorysetup-temp-allocator-size-audio-worker=65536"
    "memorysetup-temp-allocator-size-cloud-worker=32768"
    "memorysetup-temp-allocator-size-gi-baking-worker=262144"
    "memorysetup-temp-allocator-size-gfx=262144"
Refreshing native plugins compatible for Editor in 73.43 ms, found 3 plugins.
Preloading 0 native plugins for Editor in 0.00 ms.
Initialize engine version: 2021.3.11f1 (0a5ca18544bf)
[Subsystems] Discovering subsystems at path C:/Program Files/Unity/Hub/Editor/2021.3.11f1/Editor/Data/Resources/UnitySubsystems
[Subsystems] Discovering subsystems at path C:/Users/Ninjas/Documents/Waylen-Kuan-Purple/qpDePo/Assets
GfxDevice: creating device client; threaded=0; jobified=0
Direct3D:
    Version:  Direct3D 11.0 [level 11.1]
    Renderer: NVIDIA GeForce GTX 1650 with Max-Q Design (ID=0x1f9d)
    Vendor:   NVIDIA
    VRAM:     3962 MB
    Driver:   31.0.15.1659
Initialize mono
Mono path[0] = 'C:/Program Files/Unity/Hub/Editor/2021.3.11f1/Editor/Data/Managed'
Mono path[1] = 'C:/Program Files/Unity/Hub/Editor/2021.3.11f1/Editor/Data/MonoBleedingEdge/lib/mono/unityjit-win32'
Mono config path = 'C:/Program Files/Unity/Hub/Editor/2021.3.11f1/Editor/Data/MonoBleedingEdge/etc'
Using monoOptions --debugger-agent=transport=dt_socket,embedding=1,server=y,suspend=n,address=127.0.0.1:56148
Begin MonoManager ReloadAssembly
Registering precompiled unity dll's ...
Register platform support module: C:/Program Files/Unity/Hub/Editor/2021.3.11f1/Editor/Data/PlaybackEngines/WebGLSupport/UnityEditor.WebGL.Extensions.dll
Register platform support module: C:/Program Files/Unity/Hub/Editor/2021.3.11f1/Editor/Data/PlaybackEngines/WindowsStandaloneSupport/UnityEditor.WindowsStandalone.Extensions.dll
Registered in 0.004401 seconds.
Native extension for WindowsStandalone target not found
Native extension for WebGL target not found
Refreshing native plugins compatible for Editor in 77.87 ms, found 3 plugins.
Preloading 0 native plugins for Editor in 0.00 ms.
Mono: successfully reloaded assembly
- Completed reload, in  0.612 seconds
Domain Reload Profiling:
	ReloadAssembly (613ms)
		BeginReloadAssembly (75ms)
			ExecutionOrderSort (0ms)
			DisableScriptedObjects (0ms)
			BackupInstance (0ms)
			ReleaseScriptingObjects (0ms)
			CreateAndSetChildDomain (1ms)
		EndReloadAssembly (436ms)
			LoadAssemblies (73ms)
			RebuildTransferFunctionScriptingTraits (0ms)
			SetupTypeCache (97ms)
			ReleaseScriptCaches (0ms)
			RebuildScriptCaches (27ms)
			SetupLoadedEditorAssemblies (266ms)
				LogAssemblyErrors (0ms)
				InitializePlatformSupportModulesInManaged (7ms)
				SetLoadedEditorAssemblies (0ms)
				RefreshPlugins (78ms)
				BeforeProcessingInitializeOnLoad (1ms)
				ProcessInitializeOnLoadAttributes (128ms)
				ProcessInitializeOnLoadMethodAttributes (51ms)
				AfterProcessingInitializeOnLoad (0ms)
				EditorAssembliesLoaded (0ms)
			ExecutionOrderSort2 (0ms)
			AwakeInstancesAfterBackupRestoration (0ms)
Platform modules already initialized, skipping
Registering precompiled user dll's ...
Registered in 0.004664 seconds.
Begin MonoManager ReloadAssembly
Symbol file LoadedFromMemory doesn't match image C:\Users\Ninjas\Documents\Waylen-Kuan-Purple\qpDePo\Library\PackageCache\com.unity.visualscripting@1.7.8\Editor\VisualScripting.Core\Dependencies\YamlDotNet\Unity.VisualScripting.YamlDotNet.dll
Symbol file LoadedFromMemory doesn't match image C:\Users\Ninjas\Documents\Waylen-Kuan-Purple\qpDePo\Library\PackageCache\com.unity.visualscripting@1.7.8\Editor\VisualScripting.Core\Dependencies\DotNetZip\Unity.VisualScripting.IonicZip.dll
Native extension for WindowsStandalone target not found
Native extension for WebGL target not found
Refreshing native plugins compatible for Editor in 0.76 ms, found 3 plugins.
Preloading 0 native plugins for Editor in 0.00 ms.
Mono: successfully reloaded assembly
- Completed reload, in  0.991 seconds
Domain Reload Profiling:
	ReloadAssembly (992ms)
		BeginReloadAssembly (102ms)
			ExecutionOrderSort (0ms)
			DisableScriptedObjects (6ms)
			BackupInstance (0ms)
			ReleaseScriptingObjects (0ms)
			CreateAndSetChildDomain (17ms)
		EndReloadAssembly (784ms)
			LoadAssemblies (83ms)
			RebuildTransferFunctionScriptingTraits (0ms)
			SetupTypeCache (249ms)
			ReleaseScriptCaches (1ms)
			RebuildScriptCaches (51ms)
			SetupLoadedEditorAssemblies (370ms)
				LogAssemblyErrors (0ms)
				InitializePlatformSupportModulesInManaged (5ms)
				SetLoadedEditorAssemblies (0ms)
				RefreshPlugins (1ms)
				BeforeProcessingInitializeOnLoad (80ms)
				ProcessInitializeOnLoadAttributes (253ms)
				ProcessInitializeOnLoadMethodAttributes (25ms)
				AfterProcessingInitializeOnLoad (6ms)
				EditorAssembliesLoaded (0ms)
			ExecutionOrderSort2 (0ms)
			AwakeInstancesAfterBackupRestoration (5ms)
Platform modules already initialized, skipping
========================================================================
Worker process is ready to serve import requests
Launched and connected shader compiler UnityShaderCompiler.exe after 0.05 seconds
Refreshing native plugins compatible for Editor in 0.71 ms, found 3 plugins.
Preloading 0 native plugins for Editor in 0.00 ms.
Unloading 3560 Unused Serialized files (Serialized files now loaded: 0)
Unloading 38 unused Assets / (129.6 KB). Loaded Objects now: 4028.
Memory consumption went from 128.4 MB to 128.3 MB.
Total: 3.421700 ms (FindLiveObjects: 0.336100 ms CreateObjectMapping: 0.334300 ms MarkObjects: 2.621000 ms  DeleteObjects: 0.129300 ms)

AssetImportParameters requested are different than current active one (requested -> active):
  custom:video-decoder-ogg-theora: a1e56fd34408186e4bbccfd4996cb3dc -> 
  custom:container-muxer-webm: aa71ff27fc2769a1b78a27578f13a17b -> 
  custom:container-demuxer-webm: 4f35f7cbe854078d1ac9338744f61a02 -> 
  custom:video-encoder-webm-vp8: eb34c28f22e8b96e1ab97ce403110664 -> 
  custom:audio-encoder-webm-vorbis: bf7c407c2cedff20999df2af8eb42d56 -> 
  custom:framework-win-MediaFoundation: 216162199b28c13a410421893ffa2e32 -> 
  custom:container-demuxer-ogg: 62fdf1f143b41e24485cea50d1cbac27 -> 
  custom:video-decoder-webm-vp8: 9c59270c3fd7afecdb556c50c9e8de78 -> 
  custom:audio-decoder-ogg-vorbis: bf7c407c2cedff20999df2af8eb42d56 -> 
========================================================================
Received Import Request.
  Time since last request: 300435.863028 seconds.
  path: Assets/Scenes/rabbit1.jpg
  artifactKey: Guid(616978625b28ab544a0c377969ff406f) Importer(815301076,1909f56bfc062723c751e8b465ee728b)
Start importing Assets/Scenes/rabbit1.jpg using Guid(616978625b28ab544a0c377969ff406f) Importer(815301076,1909f56bfc062723c751e8b465ee728b)  -> (artifact id: 'ec666830ef7bfe80ea5601f3433c3ab7') in 0.076393 seconds 
========================================================================
Received Prepare
Registering precompiled user dll's ...
Registered in 0.004263 seconds.
Begin MonoManager ReloadAssembly
Symbol file LoadedFromMemory doesn't match image C:\Users\Ninjas\Documents\Waylen-Kuan-Purple\qpDePo\Library\PackageCache\com.unity.visualscripting@1.7.8\Editor\VisualScripting.Core\Dependencies\YamlDotNet\Unity.VisualScripting.YamlDotNet.dll
Symbol file LoadedFromMemory doesn't match image C:\Users\Ninjas\Documents\Waylen-Kuan-Purple\qpDePo\Library\PackageCache\com.unity.visualscripting@1.7.8\Editor\VisualScripting.Core\Dependencies\DotNetZip\Unity.VisualScripting.IonicZip.dll
Native extension for WindowsStandalone target not found
Native extension for WebGL target not found
Refreshing native plugins compatible for Editor in 0.68 ms, found 3 plugins.
Preloading 0 native plugins for Editor in 0.00 ms.
Mono: successfully reloaded assembly
- Completed reload, in  1.057 seconds
Domain Reload Profiling:
	ReloadAssembly (1058ms)
		BeginReloadAssembly (130ms)
			ExecutionOrderSort (0ms)
			DisableScriptedObjects (4ms)
			BackupInstance (0ms)
			ReleaseScriptingObjects (0ms)
			CreateAndSetChildDomain (34ms)
		EndReloadAssembly (826ms)
			LoadAssemblies (85ms)
			RebuildTransferFunctionScriptingTraits (0ms)
			SetupTypeCache (258ms)
			ReleaseScriptCaches (1ms)
			RebuildScriptCaches (50ms)
			SetupLoadedEditorAssemblies (396ms)
				LogAssemblyErrors (0ms)
				InitializePlatformSupportModulesInManaged (13ms)
				SetLoadedEditorAssemblies (0ms)
				RefreshPlugins (1ms)
				BeforeProcessingInitializeOnLoad (65ms)
				ProcessInitializeOnLoadAttributes (276ms)
				ProcessInitializeOnLoadMethodAttributes (34ms)
				AfterProcessingInitializeOnLoad (7ms)
				EditorAssembliesLoaded (0ms)
			ExecutionOrderSort2 (0ms)
			AwakeInstancesAfterBackupRestoration (6ms)
Platform modules already initialized, skipping
Refreshing native plugins compatible for Editor in 2.00 ms, found 3 plugins.
Preloading 0 native plugins for Editor in 0.00 ms.
Unloading 3542 Unused Serialized files (Serialized files now loaded: 0)
Unloading 19 unused Assets / (95.3 KB). Loaded Objects now: 4046.
Memory consumption went from 127.0 MB to 126.9 MB.
Total: 4.469200 ms (FindLiveObjects: 0.357300 ms CreateObjectMapping: 0.210600 ms MarkObjects: 3.804700 ms  DeleteObjects: 0.094900 ms)

AssetImportParameters requested are different than current active one (requested -> active):
  custom:video-decoder-ogg-theora: a1e56fd34408186e4bbccfd4996cb3dc -> 
  custom:container-muxer-webm: aa71ff27fc2769a1b78a27578f13a17b -> 
  custom:container-demuxer-webm: 4f35f7cbe854078d1ac9338744f61a02 -> 
  custom:video-encoder-webm-vp8: eb34c28f22e8b96e1ab97ce403110664 -> 
  custom:audio-encoder-webm-vorbis: bf7c407c2cedff20999df2af8eb42d56 -> 
  custom:framework-win-MediaFoundation: 216162199b28c13a410421893ffa2e32 -> 
  custom:container-demuxer-ogg: 62fdf1f143b41e24485cea50d1cbac27 -> 
  custom:video-decoder-webm-vp8: 9c59270c3fd7afecdb556c50c9e8de78 -> 
  custom:audio-decoder-ogg-vorbis: bf7c407c2cedff20999df2af8eb42d56 -> 
========================================================================
Received Import Request.
  Time since last request: 461.673676 seconds.
  path: Assets/Sprite/gem.png
  artifactKey: Guid(a66b1b80f6c33f34da4c6c9aa2d10504) Importer(815301076,1909f56bfc062723c751e8b465ee728b)
Start importing Assets/Sprite/gem.png using Guid(a66b1b80f6c33f34da4c6c9aa2d10504) Importer(815301076,1909f56bfc062723c751e8b465ee728b)  -> (artifact id: '883132b0bbef58c8aa733834534054e7') in 0.095426 seconds 
========================================================================
Received Import Request.
  Time since last request: 0.000038 seconds.
  path: Assets/Sprite/gemRed.png
  artifactKey: Guid(d53239e16a15c7e44b642051b73888f7) Importer(815301076,1909f56bfc062723c751e8b465ee728b)
Start importing Assets/Sprite/gemRed.png using Guid(d53239e16a15c7e44b642051b73888f7) Importer(815301076,1909f56bfc062723c751e8b465ee728b)  -> (artifact id: '79f22b1160d4a668480bd5abb01bf24a') in 0.028540 seconds 
========================================================================
Received Import Request.
  Time since last request: 51.495806 seconds.
  path: Assets/TextMesh Pro/Examples & Extras/Resources/Fonts & Materials/Bangers SDF - Drop Shadow.mat
  artifactKey: Guid(f2dcf029949142e28b974630369c8b4e) Importer(815301076,1909f56bfc062723c751e8b465ee728b)
Start importing Assets/TextMesh Pro/Examples & Extras/Resources/Fonts & Materials/Bangers SDF - Drop Shadow.mat using Guid(f2dcf029949142e28b974630369c8b4e) Importer(815301076,1909f56bfc062723c751e8b465ee728b)  -> (artifact id: '2269d7ebcc12a807ae98f7a1857acb46') in 0.131290 seconds 
========================================================================
Received Import Request.
  Time since last request: 0.000040 seconds.
  path: Assets/Textures/BGLevel3.png
  artifactKey: Guid(d1ba05faf34b6d74f850bdb7a5e78e94) Importer(815301076,1909f56bfc062723c751e8b465ee728b)
Start importing Assets/Textures/BGLevel3.png using Guid(d1ba05faf34b6d74f850bdb7a5e78e94) Importer(815301076,1909f56bfc062723c751e8b465ee728b)  -> (artifact id: '39cf316becff8fe95c6bf953fc465a9b') in 0.049447 seconds 
========================================================================
Received Import Request.
  Time since last request: 0.000054 seconds.
  path: Assets/TextMesh Pro/Examples & Extras/Fonts/Electronic Highway Sign.TTF
  artifactKey: Guid(8a2b9e2a607dd2143b58c44bc32410b4) Importer(815301076,1909f56bfc062723c751e8b465ee728b)
Start importing Assets/TextMesh Pro/Examples & Extras/Fonts/Electronic Highway Sign.TTF using Guid(8a2b9e2a607dd2143b58c44bc32410b4) Importer(815301076,1909f56bfc062723c751e8b465ee728b)  -> (artifact id: '49bd709abaca415c72f16bab2f7c8abb') in 0.025079 seconds 
========================================================================
Received Import Request.
  Time since last request: 0.000020 seconds.
  path: Assets/TextMesh Pro/Examples & Extras/Resources/Fonts & Materials/Bangers SDF Glow.mat
  artifactKey: Guid(d75b8f41e959450c84ac6e967084d3e1) Importer(815301076,1909f56bfc062723c751e8b465ee728b)
Start importing Assets/TextMesh Pro/Examples & Extras/Resources/Fonts & Materials/Bangers SDF Glow.mat using Guid(d75b8f41e959450c84ac6e967084d3e1) Importer(815301076,1909f56bfc062723c751e8b465ee728b)  -> (artifact id: '78f197d1601170e72ae6756ad32d16b9') in 0.112507 seconds 
========================================================================
Received Import Request.
  Time since last request: 0.000020 seconds.
  path: Assets/Textures/BGnearestLevel3.png
  artifactKey: Guid(aeeae6327a65ee548afcf1497587b51a) Importer(815301076,1909f56bfc062723c751e8b465ee728b)
Start importing Assets/Textures/BGnearestLevel3.png using Guid(aeeae6327a65ee548afcf1497587b51a) Importer(815301076,1909f56bfc062723c751e8b465ee728b)  -> (artifact id: 'b1058746f6eb12d26bd454815b9b683f') in 0.118620 seconds 
========================================================================
Received Import Request.
  Time since last request: 0.000036 seconds.
  path: Assets/TextMesh Pro/Examples & Extras/Resources/Color Gradient Presets/Yellow to Orange - Vertical.asset
  artifactKey: Guid(69a525efa7e6472eab268f6ea605f06e) Importer(815301076,1909f56bfc062723c751e8b465ee728b)
Start importing Assets/TextMesh Pro/Examples & Extras/Resources/Color Gradient Presets/Yellow to Orange - Vertical.asset using Guid(69a525efa7e6472eab268f6ea605f06e) Importer(815301076,1909f56bfc062723c751e8b465ee728b)  -> (artifact id: '8566612ca4e82b97ed5aa2f4ff4e8e21') in 0.011972 seconds 
========================================================================
Received Import Request.
  Time since last request: 10.345838 seconds.
  path: Assets/Animations/Codey@idelPose.fbx
  artifactKey: Guid(2999bfa93f7d1884a8e08c3194a8dccd) Importer(815301076,1909f56bfc062723c751e8b465ee728b)
Start importing Assets/Animations/Codey@idelPose.fbx using Guid(2999bfa93f7d1884a8e08c3194a8dccd) Importer(815301076,1909f56bfc062723c751e8b465ee728b)  -> (artifact id: 'd32e973ebb9df43a57fd4fb6793de0af') in 0.033024 seconds 
========================================================================
Received Import Request.
  Time since last request: 0.000024 seconds.
  path: Assets/Animations/Codey@JumpDown.fbx
  artifactKey: Guid(b1a5ac95be49bdb4e98126c1947aa052) Importer(815301076,1909f56bfc062723c751e8b465ee728b)
Start importing Assets/Animations/Codey@JumpDown.fbx using Guid(b1a5ac95be49bdb4e98126c1947aa052) Importer(815301076,1909f56bfc062723c751e8b465ee728b)  -> (artifact id: '4fca0101cfa54652d6a7d74fab4d6ccb') in 0.028782 seconds 
========================================================================
Received Import Request.
  Time since last request: 0.000045 seconds.
  path: Assets/Animations/Codey@jump.fbx
  artifactKey: Guid(b20d89a8931e1bd40a6f04487f13ac89) Importer(815301076,1909f56bfc062723c751e8b465ee728b)
Start importing Assets/Animations/Codey@jump.fbx using Guid(b20d89a8931e1bd40a6f04487f13ac89) Importer(815301076,1909f56bfc062723c751e8b465ee728b)  -> (artifact id: 'b01cb2f3e467e6b86bcdca6a3c718064') in 0.030659 seconds 
========================================================================
Received Import Request.
  Time since last request: 0.000045 seconds.
  path: Assets/TextMesh Pro/Examples & Extras/Textures/Gradient Horizontal (Color).jpg
  artifactKey: Guid(6eb184de103d4b3f812b38561065192f) Importer(815301076,1909f56bfc062723c751e8b465ee728b)
Start importing Assets/TextMesh Pro/Examples & Extras/Textures/Gradient Horizontal (Color).jpg using Guid(6eb184de103d4b3f812b38561065192f) Importer(815301076,1909f56bfc062723c751e8b465ee728b)  -> (artifact id: '2c2124cbd96187f3987cc16dda4e25ae') in 0.033126 seconds 
========================================================================
Received Import Request.
  Time since last request: 0.000031 seconds.
  path: Assets/Materials/CodeyTexture.mat
  artifactKey: Guid(8b1710ca63201694da8be04592dfd4ac) Importer(815301076,1909f56bfc062723c751e8b465ee728b)
Start importing Assets/Materials/CodeyTexture.mat using Guid(8b1710ca63201694da8be04592dfd4ac) Importer(815301076,1909f56bfc062723c751e8b465ee728b)  -> (artifact id: '90c4f8656ae8012630b97cc17a968f98') in 0.042337 seconds 
========================================================================
Received Import Request.
  Time since last request: 0.000027 seconds.
  path: Assets/Animations/Codey@JumpUp.fbx
  artifactKey: Guid(97fdf4e310314ef46a69b1b614a914c3) Importer(815301076,1909f56bfc062723c751e8b465ee728b)
Start importing Assets/Animations/Codey@JumpUp.fbx using Guid(97fdf4e310314ef46a69b1b614a914c3) Importer(815301076,1909f56bfc062723c751e8b465ee728b)  -> (artifact id: '30312399df136282552560ff267a0a1c') in 0.025718 seconds 
========================================================================
Received Import Request.
  Time since last request: 7.540810 seconds.
  path: Assets/WallsAndPlatforms/Prefabs/Basic/Platforms/Block_Platform_1A.prefab
  artifactKey: Guid(a37a82400f24f5545893616ed7058e65) Importer(815301076,1909f56bfc062723c751e8b465ee728b)
Start importing Assets/WallsAndPlatforms/Prefabs/Basic/Platforms/Block_Platform_1A.prefab using Guid(a37a82400f24f5545893616ed7058e65) Importer(815301076,1909f56bfc062723c751e8b465ee728b)  -> (artifact id: 'c6986d28426c79d5c11c202af6891da0') in 0.035306 seconds 
========================================================================
Received Import Request.
  Time since last request: 0.000018 seconds.
  path: Assets/Sprite/Materials/checkPoint.mat
  artifactKey: Guid(55b8663afdc9c0140ba27aa08f9f8970) Importer(815301076,1909f56bfc062723c751e8b465ee728b)
Start importing Assets/Sprite/Materials/checkPoint.mat using Guid(55b8663afdc9c0140ba27aa08f9f8970) Importer(815301076,1909f56bfc062723c751e8b465ee728b)  -> (artifact id: 'a86174e1bd41fe070de9064157364f8b') in 0.024468 seconds 
